<?xml version="1.0" encoding="UTF-8"?>
<testsuite name="com.backend.app.service.DataPointServiceTest" tests="2" skipped="0" failures="0" errors="0" timestamp="2021-06-12T11:34:48" hostname="DESKTOP-JP0A0PE" time="0.049">
  <properties/>
  <testcase name="testSavingAndRetrieving100DataPoints" classname="com.backend.app.service.DataPointServiceTest" time="0.046"/>
  <testcase name="testSavingAndRetrievingDataPointsInReverseDataOrder" classname="com.backend.app.service.DataPointServiceTest" time="0.003"/>
  <system-out><![CDATA[13:34:43.741 [Test worker] DEBUG org.springframework.test.context.junit4.SpringJUnit4ClassRunner - SpringJUnit4ClassRunner constructor called with [class com.backend.app.service.DataPointServiceTest]
13:34:43.741 [Test worker] DEBUG org.springframework.test.context.BootstrapUtils - Instantiating CacheAwareContextLoaderDelegate from class [org.springframework.test.context.cache.DefaultCacheAwareContextLoaderDelegate]
13:34:43.757 [Test worker] DEBUG org.springframework.test.context.BootstrapUtils - Instantiating BootstrapContext using constructor [public org.springframework.test.context.support.DefaultBootstrapContext(java.lang.Class,org.springframework.test.context.CacheAwareContextLoaderDelegate)]
13:34:43.763 [Test worker] DEBUG org.springframework.test.context.BootstrapUtils - Instantiating TestContextBootstrapper for test class [com.backend.app.service.DataPointServiceTest] from class [org.springframework.boot.test.context.SpringBootTestContextBootstrapper]
13:34:43.779 [Test worker] INFO org.springframework.boot.test.context.SpringBootTestContextBootstrapper - Neither @ContextConfiguration nor @ContextHierarchy found for test class [com.backend.app.service.DataPointServiceTest], using SpringBootContextLoader
13:34:43.779 [Test worker] DEBUG org.springframework.test.context.support.AbstractContextLoader - Did not detect default resource location for test class [com.backend.app.service.DataPointServiceTest]: class path resource [com/backend/app/service/DataPointServiceTest-context.xml] does not exist
13:34:43.779 [Test worker] DEBUG org.springframework.test.context.support.AbstractContextLoader - Did not detect default resource location for test class [com.backend.app.service.DataPointServiceTest]: class path resource [com/backend/app/service/DataPointServiceTestContext.groovy] does not exist
13:34:43.779 [Test worker] INFO org.springframework.test.context.support.AbstractContextLoader - Could not detect default resource locations for test class [com.backend.app.service.DataPointServiceTest]: no resource found for suffixes {-context.xml, Context.groovy}.
13:34:43.779 [Test worker] INFO org.springframework.test.context.support.AnnotationConfigContextLoaderUtils - Could not detect default configuration classes for test class [com.backend.app.service.DataPointServiceTest]: DataPointServiceTest does not declare any static, non-private, non-final, nested classes annotated with @Configuration.
13:34:43.810 [Test worker] DEBUG org.springframework.test.context.support.ActiveProfilesUtils - Could not find an 'annotation declaring class' for annotation type [org.springframework.test.context.ActiveProfiles] and class [com.backend.app.service.DataPointServiceTest]
13:34:43.864 [Test worker] DEBUG org.springframework.context.annotation.ClassPathScanningCandidateComponentProvider - Identified candidate component class: file [C:\Users\Luke\Documents\TradingApp_fullstack\TradingApp\backend\build\classes\java\main\com\backend\Application.class]
13:34:43.864 [Test worker] INFO org.springframework.boot.test.context.SpringBootTestContextBootstrapper - Found @SpringBootConfiguration com.backend.Application for test class com.backend.app.service.DataPointServiceTest
13:34:43.942 [Test worker] DEBUG org.springframework.boot.test.context.SpringBootTestContextBootstrapper - @TestExecutionListeners is not present for class [com.backend.app.service.DataPointServiceTest]: using defaults.
13:34:43.957 [Test worker] INFO org.springframework.boot.test.context.SpringBootTestContextBootstrapper - Loaded default TestExecutionListener class names from location [META-INF/spring.factories]: [org.springframework.boot.test.autoconfigure.restdocs.RestDocsTestExecutionListener, org.springframework.boot.test.autoconfigure.web.client.MockRestServiceServerResetTestExecutionListener, org.springframework.boot.test.autoconfigure.web.servlet.MockMvcPrintOnlyOnFailureTestExecutionListener, org.springframework.boot.test.autoconfigure.web.servlet.WebDriverTestExecutionListener, org.springframework.boot.test.mock.mockito.MockitoTestExecutionListener, org.springframework.boot.test.mock.mockito.ResetMocksTestExecutionListener, org.springframework.test.context.web.ServletTestExecutionListener, org.springframework.test.context.support.DirtiesContextBeforeModesTestExecutionListener, org.springframework.test.context.support.DependencyInjectionTestExecutionListener, org.springframework.test.context.support.DirtiesContextTestExecutionListener, org.springframework.test.context.transaction.TransactionalTestExecutionListener, org.springframework.test.context.jdbc.SqlScriptsTestExecutionListener]
13:34:43.964 [Test worker] INFO org.springframework.boot.test.context.SpringBootTestContextBootstrapper - Using TestExecutionListeners: [org.springframework.test.context.web.ServletTestExecutionListener@100d771, org.springframework.test.context.support.DirtiesContextBeforeModesTestExecutionListener@1a72a20, org.springframework.boot.test.mock.mockito.MockitoTestExecutionListener@ad0673, org.springframework.boot.test.autoconfigure.SpringBootDependencyInjectionTestExecutionListener@8f957a, org.springframework.test.context.support.DirtiesContextTestExecutionListener@1e76005, org.springframework.test.context.transaction.TransactionalTestExecutionListener@131b733, org.springframework.test.context.jdbc.SqlScriptsTestExecutionListener@15db8f8, org.springframework.boot.test.autoconfigure.restdocs.RestDocsTestExecutionListener@18fc8ac, org.springframework.boot.test.autoconfigure.web.client.MockRestServiceServerResetTestExecutionListener@10a6850, org.springframework.boot.test.autoconfigure.web.servlet.MockMvcPrintOnlyOnFailureTestExecutionListener@176ccad, org.springframework.boot.test.autoconfigure.web.servlet.WebDriverTestExecutionListener@18a3343, org.springframework.boot.test.mock.mockito.ResetMocksTestExecutionListener@4340f6]
13:34:43.964 [Test worker] DEBUG org.springframework.test.annotation.ProfileValueUtils - Retrieved @ProfileValueSourceConfiguration [null] for test class [com.backend.app.service.DataPointServiceTest]
13:34:43.964 [Test worker] DEBUG org.springframework.test.annotation.ProfileValueUtils - Retrieved ProfileValueSource type [class org.springframework.test.annotation.SystemProfileValueSource] for class [com.backend.app.service.DataPointServiceTest]
13:34:43.964 [Test worker] DEBUG org.springframework.test.annotation.ProfileValueUtils - Retrieved @ProfileValueSourceConfiguration [null] for test class [com.backend.app.service.DataPointServiceTest]
13:34:43.964 [Test worker] DEBUG org.springframework.test.annotation.ProfileValueUtils - Retrieved ProfileValueSource type [class org.springframework.test.annotation.SystemProfileValueSource] for class [com.backend.app.service.DataPointServiceTest]
13:34:43.964 [Test worker] DEBUG org.springframework.test.annotation.ProfileValueUtils - Retrieved @ProfileValueSourceConfiguration [null] for test class [com.backend.app.service.DataPointServiceTest]
13:34:43.964 [Test worker] DEBUG org.springframework.test.annotation.ProfileValueUtils - Retrieved ProfileValueSource type [class org.springframework.test.annotation.SystemProfileValueSource] for class [com.backend.app.service.DataPointServiceTest]
13:34:43.980 [Test worker] DEBUG org.springframework.test.context.support.AbstractDirtiesContextTestExecutionListener - Before test class: context [DefaultTestContext@190976f testClass = DataPointServiceTest, testInstance = [null], testMethod = [null], testException = [null], mergedContextConfiguration = [WebMergedContextConfiguration@1db862d testClass = DataPointServiceTest, locations = '{}', classes = '{class com.backend.Application}', contextInitializerClasses = '[]', activeProfiles = '{}', propertySourceLocations = '{}', propertySourceProperties = '{org.springframework.boot.test.context.SpringBootTestContextBootstrapper=true}', contextCustomizers = set[org.springframework.boot.test.autoconfigure.properties.PropertyMappingContextCustomizer@0, org.springframework.boot.test.autoconfigure.web.servlet.WebDriverContextCustomizerFactory$Customizer@14bc539, org.springframework.boot.test.context.filter.ExcludeFilterContextCustomizer@1b06e56, org.springframework.boot.test.json.DuplicateJsonObjectContextCustomizerFactory$DuplicateJsonObjectContextCustomizer@1722440, org.springframework.boot.test.mock.mockito.MockitoContextCustomizer@0, org.springframework.boot.test.web.client.TestRestTemplateContextCustomizer@1799017], resourceBasePath = 'src/main/webapp', contextLoader = 'org.springframework.boot.test.context.SpringBootContextLoader', parent = [null]], attributes = map['org.springframework.test.context.web.ServletTestExecutionListener.activateListener' -> true]], class annotated with @DirtiesContext [false] with mode [null].
13:34:43.980 [Test worker] DEBUG org.springframework.test.annotation.ProfileValueUtils - Retrieved @ProfileValueSourceConfiguration [null] for test class [com.backend.app.service.DataPointServiceTest]
13:34:43.980 [Test worker] DEBUG org.springframework.test.annotation.ProfileValueUtils - Retrieved ProfileValueSource type [class org.springframework.test.annotation.SystemProfileValueSource] for class [com.backend.app.service.DataPointServiceTest]
13:34:43.995 [Test worker] DEBUG org.springframework.test.context.support.TestPropertySourceUtils - Adding inlined properties to environment: {spring.jmx.enabled=false, org.springframework.boot.test.context.SpringBootTestContextBootstrapper=true, server.port=-1}

  .   ____          _            __ _ _
 /\\ / ___'_ __ _ _(_)_ __  __ _ \ \ \ \
( ( )\___ | '_ | '_| | '_ \/ _` | \ \ \ \
 \\/  ___)| |_)| | | | | || (_| |  ) ) ) )
  '  |____| .__|_| |_|_| |_\__, | / / / /
 =========|_|==============|___/=/_/_/_/
 :: Spring Boot ::        (v2.1.7.RELEASE)

2021-06-12 13:34:44.180  WARN 6148 --- [    Test worker] ory$DuplicateJsonObjectContextCustomizer : 

Found multiple occurrences of org.json.JSONObject on the class path:

	jar:file:/C:/gradle-6.4/caches/modules-2/files-2.1/org.json/json/20210307/528c8df3757e8bcf151817b1d7b9b434f6aa08d5/json-20210307.jar!/org/json/JSONObject.class
	jar:file:/C:/gradle-6.4/caches/modules-2/files-2.1/com.vaadin.external.google/android-json/0.0.20131108.vaadin1/fa26d351fe62a6a17f5cda1287c1c6110dec413f/android-json-0.0.20131108.vaadin1.jar!/org/json/JSONObject.class

You may wish to exclude one of them to ensure predictable runtime behavior

2021-06-12 13:34:44.196  INFO 6148 --- [    Test worker] c.b.app.service.DataPointServiceTest     : Starting DataPointServiceTest on DESKTOP-JP0A0PE with PID 6148 (started by Luke in C:\Users\Luke\Documents\TradingApp_fullstack\TradingApp\backend)
2021-06-12 13:34:44.196  INFO 6148 --- [    Test worker] c.b.app.service.DataPointServiceTest     : No active profile set, falling back to default profiles: default
2021-06-12 13:34:44.914  INFO 6148 --- [    Test worker] .s.d.r.c.RepositoryConfigurationDelegate : Bootstrapping Spring Data repositories in DEFAULT mode.
2021-06-12 13:34:44.961  INFO 6148 --- [    Test worker] .s.d.r.c.RepositoryConfigurationDelegate : Finished Spring Data repository scanning in 47ms. Found 1 repository interfaces.
2021-06-12 13:34:45.315  INFO 6148 --- [    Test worker] trationDelegate$BeanPostProcessorChecker : Bean 'org.springframework.transaction.annotation.ProxyTransactionManagementConfiguration' of type [org.springframework.transaction.annotation.ProxyTransactionManagementConfiguration$$EnhancerBySpringCGLIB$$69ffbf94] is not eligible for getting processed by all BeanPostProcessors (for example: not eligible for auto-proxying)
2021-06-12 13:34:45.531  INFO 6148 --- [    Test worker] o.hibernate.jpa.internal.util.LogHelper  : HHH000204: Processing PersistenceUnitInfo [
	name: default
	...]
2021-06-12 13:34:45.600  INFO 6148 --- [    Test worker] org.hibernate.Version                    : HHH000412: Hibernate Core {5.3.10.Final}
2021-06-12 13:34:45.600  INFO 6148 --- [    Test worker] org.hibernate.cfg.Environment            : HHH000206: hibernate.properties not found
2021-06-12 13:34:45.747  INFO 6148 --- [    Test worker] o.hibernate.annotations.common.Version   : HCANN000001: Hibernate Commons Annotations {5.0.4.Final}
2021-06-12 13:34:46.017  INFO 6148 --- [    Test worker] com.zaxxer.hikari.HikariDataSource       : HikariPool-1 - Starting...
2021-06-12 13:34:46.171  INFO 6148 --- [    Test worker] com.zaxxer.hikari.HikariDataSource       : HikariPool-1 - Start completed.
2021-06-12 13:34:46.171  INFO 6148 --- [    Test worker] org.hibernate.dialect.Dialect            : HHH000400: Using dialect: org.hibernate.dialect.MySQL5Dialect
2021-06-12 13:34:46.772  INFO 6148 --- [    Test worker] j.LocalContainerEntityManagerFactoryBean : Initialized JPA EntityManagerFactory for persistence unit 'default'
2021-06-12 13:34:47.575  INFO 6148 --- [    Test worker] o.s.s.concurrent.ThreadPoolTaskExecutor  : Initializing ExecutorService 'applicationTaskExecutor'
2021-06-12 13:34:47.622  WARN 6148 --- [    Test worker] aWebConfiguration$JpaWebMvcConfiguration : spring.jpa.open-in-view is enabled by default. Therefore, database queries may be performed during view rendering. Explicitly configure spring.jpa.open-in-view to disable this warning
2021-06-12 13:34:47.738  WARN 6148 --- [    Test worker] ion$DefaultTemplateResolverConfiguration : Cannot find template location: classpath:/templates/ (please add some templates or check your Thymeleaf configuration)
2021-06-12 13:34:48.440  INFO 6148 --- [    Test worker] o.s.b.a.e.web.EndpointLinksResolver      : Exposing 2 endpoint(s) beneath base path '/actuator'
2021-06-12 13:34:48.493  INFO 6148 --- [    Test worker] c.b.app.service.DataPointServiceTest     : Started DataPointServiceTest in 4.498 seconds (JVM running for 5.158)
]]></system-out>
  <system-err><![CDATA[]]></system-err>
</testsuite>
